{
  "RSpec": {
    "coverage": {
      "/Users/danielspector/projects/flatiron_school/flatiron_projects/restaurantrails/app/models/violation.rb": [
        1,
        1,
        1,
        null,
        1,
        1,
        null,
        1,
        1,
        null,
        null,
        1,
        2,
        null,
        null,
        1,
        1,
        null,
        null,
        null
      ],
      "/Users/danielspector/projects/flatiron_school/flatiron_projects/restaurantrails/app/models/restaurant.rb": [
        1,
        1,
        1,
        null,
        1,
        1,
        null,
        1,
        1,
        null,
        1,
        null,
        1,
        1,
        null,
        1,
        null,
        1,
        0,
        0,
        null,
        null,
        1,
        0,
        null,
        null,
        1,
        8,
        null,
        null,
        1,
        null,
        8,
        null,
        null,
        1,
        0,
        null,
        null,
        1,
        0,
        null,
        null,
        1,
        null,
        0,
        0,
        null,
        null,
        1,
        0,
        0,
        null,
        null,
        1,
        0,
        0,
        0,
        null,
        0,
        null,
        0,
        null,
        null,
        null,
        0,
        0,
        null,
        0,
        null,
        null,
        null
      ],
      "/Users/danielspector/projects/flatiron_school/flatiron_projects/restaurantrails/app/models/restaurant_violation.rb": [
        1,
        1,
        1,
        null
      ],
      "/Users/danielspector/projects/flatiron_school/flatiron_projects/restaurantrails/app/models/zipcode.rb": [
        1,
        1,
        1,
        1,
        null,
        1,
        1,
        null,
        1,
        1,
        null,
        1,
        2,
        null,
        null,
        1,
        2,
        null,
        null
      ]
    },
    "timestamp": 1396904206
  }
}
