{
  "RSpec": {
    "coverage": {
      "/Users/danielspector/projects/flatiron_school/flatiron_projects/restaurantrails/app/models/cuisine.rb": [
        1,
        1,
        1,
        null,
        1,
        1,
        null,
        1,
        1,
        null,
        1,
        1,
        null,
        1,
        null,
        1,
        0,
        null,
        null,
        1,
        0,
        null,
        null,
        1,
        0,
        null,
        null,
        null
      ],
      "/Users/danielspector/projects/flatiron_school/flatiron_projects/restaurantrails/app/models/cuisine_zipcode.rb": [
        1,
        1,
        1,
        null
      ],
      "/Users/danielspector/projects/flatiron_school/flatiron_projects/restaurantrails/app/models/restaurant_cuisine.rb": [
        1,
        1,
        1,
        1,
        null
      ],
      "/Users/danielspector/projects/flatiron_school/flatiron_projects/restaurantrails/app/models/restaurant.rb": [
        1,
        1,
        1,
        null,
        1,
        1,
        null,
        1,
        1,
        null,
        1,
        null,
        1,
        1,
        null,
        1,
        null,
        1,
        0,
        0,
        null,
        null,
        1,
        0,
        null,
        null,
        1,
        9,
        null,
        null,
        1,
        null,
        9,
        null,
        null,
        null,
        1,
        4,
        null,
        null,
        1,
        0,
        null,
        null,
        1,
        null,
        0,
        0,
        null,
        null,
        1,
        16,
        16,
        null,
        null,
        1,
        0,
        0,
        0,
        null,
        0,
        null,
        0,
        null,
        null,
        null,
        0,
        0,
        null,
        0,
        null,
        null,
        null
      ],
      "/Users/danielspector/projects/flatiron_school/flatiron_projects/restaurantrails/app/models/restaurant_violation.rb": [
        1,
        1,
        1,
        null
      ],
      "/Users/danielspector/projects/flatiron_school/flatiron_projects/restaurantrails/app/models/user_cuisine.rb": [
        1,
        1,
        1,
        null
      ],
      "/Users/danielspector/projects/flatiron_school/flatiron_projects/restaurantrails/app/models/user_restaurant.rb": [
        1,
        1,
        1,
        null
      ],
      "/Users/danielspector/projects/flatiron_school/flatiron_projects/restaurantrails/app/models/user.rb": [
        1,
        1,
        1,
        null,
        1,
        1,
        null,
        1,
        1,
        null,
        1,
        1,
        null,
        1,
        null,
        1,
        null,
        1,
        null,
        1,
        0,
        0,
        0,
        0,
        null,
        null,
        1,
        0,
        0,
        0,
        null,
        null,
        null,
        null,
        1,
        0,
        0,
        0,
        null,
        null,
        null,
        null
      ],
      "/Users/danielspector/projects/flatiron_school/flatiron_projects/restaurantrails/app/models/user_violation.rb": [
        1,
        1,
        1,
        null
      ],
      "/Users/danielspector/projects/flatiron_school/flatiron_projects/restaurantrails/app/models/user_zipcode.rb": [
        1,
        1,
        1,
        null
      ],
      "/Users/danielspector/projects/flatiron_school/flatiron_projects/restaurantrails/app/models/violation.rb": [
        1,
        1,
        1,
        null,
        1,
        1,
        null,
        1,
        0,
        null,
        null,
        1,
        0,
        0,
        0,
        0,
        null,
        0,
        0,
        0,
        0,
        0,
        null,
        0,
        null,
        null,
        1,
        0,
        null,
        null,
        null
      ],
      "/Users/danielspector/projects/flatiron_school/flatiron_projects/restaurantrails/app/models/zipcode.rb": [
        1,
        1,
        1,
        1,
        null,
        1,
        1,
        null,
        1,
        1,
        null,
        1,
        8,
        null,
        null,
        1,
        0,
        0,
        null,
        null,
        0,
        0,
        0,
        null,
        null,
        0,
        null,
        0,
        0,
        0,
        0,
        0,
        0,
        null,
        null,
        0,
        null,
        null
      ],
      "/Users/danielspector/projects/flatiron_school/flatiron_projects/restaurantrails/app/controllers/pages_controller.rb": [
        1,
        1,
        10,
        10,
        10,
        null,
        null
      ],
      "/Users/danielspector/projects/flatiron_school/flatiron_projects/restaurantrails/app/controllers/application_controller.rb": [
        1,
        null,
        null,
        1,
        null,
        1,
        null,
        1,
        53,
        null,
        1,
        null,
        1,
        139,
        null,
        1,
        null,
        1,
        10,
        0,
        null,
        null,
        null
      ],
      "/Users/danielspector/projects/flatiron_school/flatiron_projects/restaurantrails/app/controllers/sessions_controller.rb": [
        1,
        null,
        1,
        6,
        null,
        null,
        1,
        6,
        0,
        0,
        0,
        0,
        0,
        null,
        0,
        0,
        null,
        6,
        6,
        6,
        null,
        0,
        0,
        null,
        null,
        null,
        null,
        1,
        0,
        0,
        null,
        null,
        1,
        null,
        1,
        0,
        0,
        0,
        0,
        null,
        null,
        1,
        12,
        null,
        null,
        1,
        0,
        0,
        0,
        null,
        null,
        null
      ],
      "/Users/danielspector/projects/flatiron_school/flatiron_projects/restaurantrails/app/controllers/users_controller.rb": [
        1,
        1,
        1,
        null,
        1,
        0,
        0,
        null,
        null,
        1,
        0,
        0,
        0,
        0,
        null,
        0,
        0,
        null,
        null,
        null,
        1,
        0,
        null,
        null,
        1,
        0,
        0,
        0,
        0,
        null,
        0,
        0,
        null,
        null,
        null,
        1,
        10,
        null,
        null,
        1,
        0,
        0,
        null,
        null,
        1,
        0,
        null,
        null,
        1,
        0,
        null,
        null,
        1,
        0,
        null,
        null,
        1,
        null,
        1,
        0,
        null,
        null,
        1,
        10,
        null,
        null,
        1,
        10,
        null,
        null,
        1,
        10,
        0,
        0,
        null,
        0,
        null,
        null,
        null,
        null,
        null,
        null,
        null,
        null,
        null,
        null
      ],
      "/Users/danielspector/projects/flatiron_school/flatiron_projects/restaurantrails/app/controllers/zipcodes_controller.rb": [
        1,
        1,
        null,
        1,
        4,
        4,
        4,
        null,
        null,
        1,
        4,
        4,
        2,
        1,
        1,
        null,
        1,
        1,
        null,
        null,
        null,
        null,
        1,
        1,
        1,
        1,
        1,
        1,
        null,
        null,
        null,
        1,
        1,
        1,
        null,
        null,
        1,
        null,
        1,
        4,
        null,
        null
      ]
    },
    "timestamp": 1396880499
  }
}
